<mule xmlns="http://www.mulesoft.org/schema/mule/core"
      xmlns:xsi="http://www.w3.org/2001/XMLSchema-instance"
      xmlns:customlistener="http://www.mulesoft.org/schema/mule/customlistener"
      xsi:schemaLocation="http://www.mulesoft.org/schema/mule/core http://www.mulesoft.org/schema/mule/core/current/mule.xsd
          http://www.mulesoft.org/schema/mule/customlistener http://www.mulesoft.org/schema/mule/customlistener/current/mule-customlistener.xsd">

    <customlistener:config name="config" configId="configId">
        <customlistener:connection requiredParameter="aValue" />
    </customlistener:config>

    <flow name="sayHiFlow">
        <customlistener:say-hi person="Mariano Gonzalez"/>
    </flow>

    <flow name="retrieveInfoFlow">
        <customlistener:retrieve-info config-ref="config"/>
    </flow>

</mule>
